date: 2013-11-06 18:47:34.907
argv: node C:\Users\wangyongqing01\AppData\Roaming\npm\node_modules\hexo\bin\hexo new 1212
os: Windows_NT 6.1.7601 win32 x64
version:
  hexo: 2.2.1
  http_parser: 1.0
  node: 0.10.13
  v8: 3.14.5.9
  ares: 1.9.0-DEV
  uv: 0.10.12
  zlib: 1.2.3
  modules: 11
  openssl: 1.0.1e
---

[error] 18:47:34.900 TypeError: Cannot call method 'create' of undefined
TypeError: Cannot call method 'create' of undefined
    at module.exports (C:\Users\wangyongqing01\AppData\Roaming\npm\node_modules\hexo\lib\plugins\console\new.js:13:13)
    at C:\Users\wangyongqing01\AppData\Roaming\npm\node_modules\hexo\lib\core.js:118:9
    at b (domain.js:183:18)
    at Domain.run (domain.js:123:23)
    at Hexo.call (C:\Users\wangyongqing01\AppData\Roaming\npm\node_modules\hexo\lib\core.js:117:9)
    at C:\Users\wangyongqing01\AppData\Roaming\npm\node_modules\hexo\lib\init.js:263:10
    at C:\Users\wangyongqing01\AppData\Roaming\npm\node_modules\hexo\node_modules\async\lib\async.js:422:17
    at C:\Users\wangyongqing01\AppData\Roaming\npm\node_modules\hexo\node_modules\async\lib\async.js:416:17
    at Array.forEach (native)
    at _each (C:\Users\wangyongqing01\AppData\Roaming\npm\node_modules\hexo\node_modules\async\lib\async.js:32:24)
